<?xml version="1.0" encoding="UTF-8"?>
<!-- Generated by org.testng.reporters.JUnitReportReporter -->
<testsuite hostname="LP-0105" failures="0" tests="1" name="ExtentReports.ExtentReportsDemo" time="17.367" errors="0" timestamp="2020-12-08T13:23:38 IST" skipped="0">
  <testcase classname="ExtentReports.ExtentReportsDemo" name="Demo" time="17.367"/>
  <system-out/>
</testsuite> <!-- ExtentReports.ExtentReportsDemo -->
