<?xml version="1.0" encoding="UTF-8"?>
<!-- Generated by org.testng.reporters.JUnitReportReporter -->
<testsuite hostname="LP-0105" failures="0" tests="2" name="TestNGTutorial.test1" time="0.010" errors="0" timestamp="2020-12-06T21:33:28 IST" skipped="0">
  <testcase classname="TestNGTutorial.test1" name="TestTwo" time="0.001"/>
  <system-out/>
  <testcase classname="TestNGTutorial.test1" name="TestOne" time="0.009"/>
  <system-out/>
</testsuite> <!-- TestNGTutorial.test1 -->
