<?xml version="1.0" encoding="UTF-8"?>
<!-- Generated by org.testng.reporters.JUnitReportReporter -->
<testsuite hostname="LP-0105" failures="0" tests="5" name="TestNGTutorial.test3" time="0.005" errors="0" timestamp="2020-12-06T21:33:28 IST" skipped="0">
  <testcase classname="TestNGTutorial.test3" name="TestSix" time="0.002"/>
  <system-out/>
  <testcase classname="TestNGTutorial.test3" name="TestFive" time="0.001"/>
  <system-out/>
  <testcase classname="TestNGTutorial.test3" name="TestData" time="0.000"/>
  <system-out/>
  <testcase classname="TestNGTutorial.test3" name="TestData" time="0.001"/>
  <system-out/>
  <testcase classname="TestNGTutorial.test3" name="TestData" time="0.001"/>
  <system-out/>
</testsuite> <!-- TestNGTutorial.test3 -->
