<?xml version="1.0" encoding="UTF-8"?>
<!-- Generated by org.testng.reporters.JUnitReportReporter -->
<testsuite hostname="LP-0105" failures="0" tests="2" name="TestNGTutorial.test2" time="0.001" errors="0" timestamp="2020-12-06T21:33:28 IST" skipped="1">
  <testcase classname="TestNGTutorial.test2" name="TestFour" time="0.001"/>
  <system-out/>
  <testcase classname="TestNGTutorial.test2" name="TestThree">
    <skipped/>
  </testcase> <!-- TestThree -->
  <system-out/>
</testsuite> <!-- TestNGTutorial.test2 -->
