<?xml version="1.0" encoding="UTF-8"?>
<!-- Generated by org.testng.reporters.JUnitReportReporter -->
<testsuite hostname="LP-0105" failures="0" tests="1" name="JDBCConnection.jdbc" time="6.212" errors="0" timestamp="2020-12-09T23:40:42 IST" skipped="0">
  <testcase classname="JDBCConnection.jdbc" name="JDBC" time="6.212"/>
  <system-out/>
</testsuite> <!-- JDBCConnection.jdbc -->
