<?xml version="1.0" encoding="UTF-8"?>
<!-- Generated by org.testng.reporters.JUnitReportReporter -->
<testsuite hostname="Sid" failures="0" tests="1" name="com.pr.general.SetOne" time="9.921" errors="0" timestamp="2020-11-13T15:18:57 IST" skipped="0">
  <testcase classname="com.pr.general.SetOne" name="FirstTest" time="9.921"/>
  <system-out/>
</testsuite> <!-- com.pr.general.SetOne -->
