<?xml version="1.0" encoding="UTF-8"?>
<!-- Generated by org.testng.reporters.JUnitReportReporter -->
<testsuite hostname="Sid" failures="0" tests="1" name="com.pr.tests.SetTwo" time="6.987" errors="0" timestamp="2020-11-13T15:23:44 IST" skipped="0">
  <testcase classname="com.pr.tests.SetTwo" name="TestFirst" time="6.987"/>
  <system-out/>
</testsuite> <!-- com.pr.tests.SetTwo -->
