<?xml version="1.0" encoding="UTF-8"?>
<!-- Generated by org.testng.reporters.JUnitReportReporter -->
<testsuite hostname="Sid" failures="0" tests="1" name="com.pr.overall.MainTest" time="14.326" errors="0" timestamp="2020-11-11T16:04:50 IST" skipped="0">
  <testcase classname="com.pr.overall.MainTest" name="FirstTest" time="14.326"/>
  <system-out/>
</testsuite> <!-- com.pr.overall.MainTest -->
